Vivado Simulator v2024.2.1
Copyright 1986-2022 Xilinx, Inc. All Rights Reserved.
Copyright 2022-2024 Advanced Micro Devices, Inc. All Rights Reserved.
Running: C:/Xilinx/Vivado/2024.2/bin/unwrapped/win64.o/xelab.exe --incr --debug typical --relax --mt 2 -L xil_defaultlib -L unisims_ver -L unimacro_ver -L secureip --snapshot FloatSqrtTB_behav xil_defaultlib.FloatSqrtTB xil_defaultlib.glbl -log elaborate.log 
Using 2 slave threads.
Starting static elaboration
Pass Through NonSizing Optimizer
WARNING: [VRFC 10-5021] port 'clk' is not connected on this instance [C:/Users/aniru/.Xilinx/Code/Vivado/IEEE_32_FPU/BFloat_16.srcs/sources_1/new/sqrt_top.v:61]
WARNING: [VRFC 10-5021] port 'clk' is not connected on this instance [C:/Users/aniru/.Xilinx/Code/Vivado/IEEE_32_FPU/BFloat_16.srcs/sources_1/new/sqrt_top.v:66]
WARNING: [VRFC 10-5021] port 'clk' is not connected on this instance [C:/Users/aniru/.Xilinx/Code/Vivado/IEEE_32_FPU/BFloat_16.srcs/sources_1/new/sqrt_top.v:71]
WARNING: [VRFC 10-5021] port 'clk' is not connected on this instance [C:/Users/aniru/.Xilinx/Code/Vivado/IEEE_32_FPU/BFloat_16.srcs/sources_1/new/sqrt_top.v:76]
WARNING: [VRFC 10-5021] port 'clk' is not connected on this instance [C:/Users/aniru/.Xilinx/Code/Vivado/IEEE_32_FPU/BFloat_16.srcs/sources_1/new/sqrt_top.v:87]
Completed static elaboration
Starting simulation data flow analysis
Completed simulation data flow analysis
Time Resolution for simulation is 1ps
Compiling module xil_defaultlib.special_case
Compiling module xil_defaultlib.sqrt_exception
Compiling module xil_defaultlib.mult754
Compiling module xil_defaultlib.comparision
Compiling module xil_defaultlib.kogge_stone_24bit_adder
Compiling module xil_defaultlib.adder24
Compiling module xil_defaultlib.adder8
Compiling module xil_defaultlib.find1
Compiling module xil_defaultlib.ADD_SUB
Compiling module xil_defaultlib.FloatingDivision
Compiling module xil_defaultlib.FloatingSqrt
Compiling module xil_defaultlib.FloatSqrtTB
Compiling module xil_defaultlib.glbl
Built simulation snapshot FloatSqrtTB_behav
